ncsim: 15.20-s038: (c) Copyright 1995-2017 Cadence Design Systems, Inc.

-------------------------------------
Relinquished control to SimVision...
ncsim> 
ncsim> source /opt/cadence/2017-18/RHELx86/INCISIVE_15.20.038/tools/inca/files/ncsimrc
ncsim> database -open waves -into waves.shm -default
Created default SHM database waves
ncsim> probe -create testbench_SoC.Rx_D testbench_SoC.ce testbench_SoC.clk testbench_SoC.decoded_data testbench_SoC.output_valid testbench_SoC.input_byte -database waves -waveform
Created probe 1
ncsim> run
ncsim: *W,RMEMAR: $readmem warning: address incremented out of range. Too many data words read
	at line 613 of file "input_RS_blocks". Current address: 612, address range: [0:611].
            File: ./SoCTestbench.v, line = 31, pos = 37
           Scope: testbench_SoC
            Time: 0 FS + 0

ncsim: *W,RMEMAR: $readmem warning: address incremented out of range. Too many data words read
	at line 565 of file "output_RS_blocks". Current address: 564, address range: [0:563].
            File: ./SoCTestbench.v, line = 32, pos = 39
           Scope: testbench_SoC
            Time: 0 FS + 0

No Errors !!!!!!!!!!!!!
ncsim: *E,VCDDFE: Unable to write VCD database: "Disk quota exceeded".
Simulation stopped via $stop(1) at time 58293385 NS + 0
ncsim> ^C
ncsim> exit
ncsim: *E,SST2ER: SST2 interface error:  Disk quota exceeded.
ncsim: Memory Usage - 32.2M program + 36.9M data = 69.1M total (73.1M Peak)
ncsim: CPU Usage - 7.4s system + 25.6s user = 33.0s total (182.0s, 18.1% cpu)
